HMRWork42@DESKTOP-6C71JM4:~/my-git/HelloWorld$ gpg --full-generate-key
gpg (GnuPG) 2.4.7; Copyright (C) 2024 g10 Code GmbH
This is free software: you are free to change and redistribute it.
There is NO WARRANTY, to the extent permitted by law.

gpg: directory '/home/HMRWork42/.gnupg' created
Please select what kind of key you want:
   (1) RSA and RSA
   (2) DSA and Elgamal
   (3) DSA (sign only)
   (4) RSA (sign only)
   (9) ECC (sign and encrypt) *default*
  (10) ECC (sign only)
  (14) Existing key from card
Your selection? 1
RSA keys may be between 1024 and 4096 bits long.
What keysize do you want? (3072) 4096
Requested keysize is 4096 bits
Please specify how long the key should be valid.
         0 = key does not expire
      <n>  = key expires in n days
      <n>w = key expires in n weeks
      <n>m = key expires in n months
      <n>y = key expires in n years
Key is valid for? (0) 0
Key does not expire at all
Is this correct? (y/N) y

GnuPG needs to construct a user ID to identify your key.

Real name: HMRWork42
Email address: 219261909+HMRWork42@users.noreply.github.com
Comment:
You selected this USER-ID:
    "HMRWork42 <219261909+HMRWork42@users.noreply.github.com>"

Change (N)ame, (C)omment, (E)mail or (O)kay/(Q)uit? O
We need to generate a lot of random bytes. It is a good idea to perform
some other action (type on the keyboard, move the mouse, utilize the
disks) during the prime generation; this gives the random number
generator a better chance to gain enough entropy.
We need to generate a lot of random bytes. It is a good idea to perform
some other action (type on the keyboard, move the mouse, utilize the
disks) during the prime generation; this gives the random number
generator a better chance to gain enough entropy.
gpg: /home/HMRWork42/.gnupg/trustdb.gpg: trustdb created
gpg: directory '/home/HMRWork42/.gnupg/openpgp-revocs.d' created
gpg: revocation certificate stored as '/home/HMRWork42/.gnupg/openpgp-revocs.d/740547A130A9BF0EFC42A2D2CEF1318E0A1CE063.rev'
public and secret key created and signed.

pub   rsa4096 2025-07-07 [SC]
      740547A130A9BF0EFC42A2D2CEF1318E0A1CE063
uid                      HMRWork42 <219261909+HMRWork42@users.noreply.github.com>
sub   rsa4096 2025-07-07 [E]

HMRWork42@DESKTOP-6C71JM4:~/my-git/HelloWorld$
