HMRWork42@DESKTOP-6C71JM4:~$ ssh-keygen -t rsa -b 4096
Generating public/private rsa key pair.
Enter file in which to save the key (/home/HMRWork42/.ssh/id_rsa):
Enter passphrase for "/home/HMRWork42/.ssh/id_rsa" (empty for no passphrase):
Enter same passphrase again:
Your identification has been saved in /home/HMRWork42/.ssh/id_rsa
Your public key has been saved in /home/HMRWork42/.ssh/id_rsa.pub
The key fingerprint is:
SHA256:JTp2vKTj13ivaIIAnFhZY41GQDY3iSrPJbWAeO17aJA HMRWork42@DESKTOP-6C71JM4
The key's randomart image is:
+---[RSA 4096]----+
|.o=BB+           |
|o.*+*o.          |
|o+.* .  . .      |
|=oE +  o o       |
|.+ + o+ S        |
|  + +..= .       |
|   o oo .o       |
|    ....+.o      |
|      .+...o.    |
+----[SHA256]-----+
